<?xml version="1.0" encoding="UTF-8"?>
<testsuite name="co.com.choucair.certification.Reto.runners.RunnerTags" tests="1" skipped="0" failures="1" errors="0" timestamp="2022-10-24T01:56:17" hostname="OSCAR" time="0.002">
  <properties/>
  <testcase name="initializationError" classname="co.com.choucair.certification.Reto.runners.RunnerTags" time="0.002">
    <failure message="cucumber.runtime.CucumberException: gherkin.ParserException$CompositeParserException: Parser errors:&#10;(2:1): expected: #TagLine, #FeatureLine, #Comment, #Empty, got 'feature: ingresar a pagina utest'&#10;(3:3): expected: #TagLine, #FeatureLine, #Comment, #Empty, got 'se inicia el ingreso a la pagina'&#10;(5:3): expected: #TagLine, #FeatureLine, #Comment, #Empty, got 'scenario'&#10;(6:3): expected: #TagLine, #FeatureLine, #Comment, #Empty, got 'ingreso a la pagina'&#10;(7:3): expected: #TagLine, #FeatureLine, #Comment, #Empty, got 'dado que se inicia proceso'&#10;(8:3): expected: #TagLine, #FeatureLine, #Comment, #Empty, got 'cuando el usuario ingresa a la pagina'&#10;(9:3): expected: #TagLine, #FeatureLine, #Comment, #Empty, got 'despues finaliza proceso'&#10;(10:0): unexpected end of file, expected: #TagLine, #FeatureLine, #Comment, #Empty" type="cucumber.runtime.CucumberException">cucumber.runtime.CucumberException: gherkin.ParserException$CompositeParserException: Parser errors:
(2:1): expected: #TagLine, #FeatureLine, #Comment, #Empty, got 'feature: ingresar a pagina utest'
(3:3): expected: #TagLine, #FeatureLine, #Comment, #Empty, got 'se inicia el ingreso a la pagina'
(5:3): expected: #TagLine, #FeatureLine, #Comment, #Empty, got 'scenario'
(6:3): expected: #TagLine, #FeatureLine, #Comment, #Empty, got 'ingreso a la pagina'
(7:3): expected: #TagLine, #FeatureLine, #Comment, #Empty, got 'dado que se inicia proceso'
(8:3): expected: #TagLine, #FeatureLine, #Comment, #Empty, got 'cuando el usuario ingresa a la pagina'
(9:3): expected: #TagLine, #FeatureLine, #Comment, #Empty, got 'despues finaliza proceso'
(10:0): unexpected end of file, expected: #TagLine, #FeatureLine, #Comment, #Empty
	at app//cucumber.runtime.FeatureBuilder.parse(FeatureBuilder.java:60)
	at app//cucumber.runtime.model.CucumberFeature.loadFromFeaturePath(CucumberFeature.java:113)
	at app//cucumber.runtime.model.CucumberFeature.load(CucumberFeature.java:49)
	at app//cucumber.runtime.model.CucumberFeature.load(CucumberFeature.java:31)
	at app//cucumber.runtime.RuntimeOptions.cucumberFeatures(RuntimeOptions.java:311)
	at app//cucumber.api.junit.Cucumber.&lt;init&gt;(Cucumber.java:81)
	at app//net.serenitybdd.cucumber.CucumberWithSerenity.&lt;init&gt;(CucumberWithSerenity.java:54)
	at java.base@16.0.2/jdk.internal.reflect.NativeConstructorAccessorImpl.newInstance0(Native Method)
	at java.base@16.0.2/jdk.internal.reflect.NativeConstructorAccessorImpl.newInstance(NativeConstructorAccessorImpl.java:78)
	at java.base@16.0.2/jdk.internal.reflect.DelegatingConstructorAccessorImpl.newInstance(DelegatingConstructorAccessorImpl.java:45)
	at java.base@16.0.2/java.lang.reflect.Constructor.newInstanceWithCaller(Constructor.java:499)
	at java.base@16.0.2/java.lang.reflect.Constructor.newInstance(Constructor.java:480)
	at app//org.junit.internal.builders.AnnotatedBuilder.buildRunner(AnnotatedBuilder.java:104)
	at app//org.junit.internal.builders.AnnotatedBuilder.runnerForClass(AnnotatedBuilder.java:86)
	at app//org.junit.runners.model.RunnerBuilder.safeRunnerForClass(RunnerBuilder.java:59)
	at app//org.junit.internal.builders.AllDefaultPossibilitiesBuilder.runnerForClass(AllDefaultPossibilitiesBuilder.java:26)
	at app//org.junit.runners.model.RunnerBuilder.safeRunnerForClass(RunnerBuilder.java:59)
	at app//org.junit.internal.requests.ClassRequest.getRunner(ClassRequest.java:33)
	at org.gradle.api.internal.tasks.testing.junit.JUnitTestClassExecutor.runTestClass(JUnitTestClassExecutor.java:78)
	at org.gradle.api.internal.tasks.testing.junit.JUnitTestClassExecutor.execute(JUnitTestClassExecutor.java:58)
	at org.gradle.api.internal.tasks.testing.junit.JUnitTestClassExecutor.execute(JUnitTestClassExecutor.java:38)
	at org.gradle.api.internal.tasks.testing.junit.AbstractJUnitTestClassProcessor.processTestClass(AbstractJUnitTestClassProcessor.java:62)
	at org.gradle.api.internal.tasks.testing.SuiteTestClassProcessor.processTestClass(SuiteTestClassProcessor.java:51)
	at java.base@16.0.2/jdk.internal.reflect.NativeMethodAccessorImpl.invoke0(Native Method)
	at java.base@16.0.2/jdk.internal.reflect.NativeMethodAccessorImpl.invoke(NativeMethodAccessorImpl.java:78)
	at java.base@16.0.2/jdk.internal.reflect.DelegatingMethodAccessorImpl.invoke(DelegatingMethodAccessorImpl.java:43)
	at java.base@16.0.2/java.lang.reflect.Method.invoke(Method.java:567)
	at org.gradle.internal.dispatch.ReflectionDispatch.dispatch(ReflectionDispatch.java:36)
	at org.gradle.internal.dispatch.ReflectionDispatch.dispatch(ReflectionDispatch.java:24)
	at org.gradle.internal.dispatch.ContextClassLoaderDispatch.dispatch(ContextClassLoaderDispatch.java:33)
	at org.gradle.internal.dispatch.ProxyDispatchAdapter$DispatchingInvocationHandler.invoke(ProxyDispatchAdapter.java:94)
	at jdk.proxy1/jdk.proxy1.$Proxy2.processTestClass(Unknown Source)
	at org.gradle.api.internal.tasks.testing.worker.TestWorker$2.run(TestWorker.java:176)
	at org.gradle.api.internal.tasks.testing.worker.TestWorker.executeAndMaintainThreadName(TestWorker.java:129)
	at org.gradle.api.internal.tasks.testing.worker.TestWorker.execute(TestWorker.java:100)
	at org.gradle.api.internal.tasks.testing.worker.TestWorker.execute(TestWorker.java:60)
	at org.gradle.process.internal.worker.child.ActionExecutionWorker.execute(ActionExecutionWorker.java:56)
	at org.gradle.process.internal.worker.child.SystemApplicationClassLoaderWorker.call(SystemApplicationClassLoaderWorker.java:133)
	at org.gradle.process.internal.worker.child.SystemApplicationClassLoaderWorker.call(SystemApplicationClassLoaderWorker.java:71)
	at app//worker.org.gradle.process.internal.worker.GradleWorkerMain.run(GradleWorkerMain.java:69)
	at app//worker.org.gradle.process.internal.worker.GradleWorkerMain.main(GradleWorkerMain.java:74)
Caused by: gherkin.ParserException$CompositeParserException: Parser errors:
(2:1): expected: #TagLine, #FeatureLine, #Comment, #Empty, got 'feature: ingresar a pagina utest'
(3:3): expected: #TagLine, #FeatureLine, #Comment, #Empty, got 'se inicia el ingreso a la pagina'
(5:3): expected: #TagLine, #FeatureLine, #Comment, #Empty, got 'scenario'
(6:3): expected: #TagLine, #FeatureLine, #Comment, #Empty, got 'ingreso a la pagina'
(7:3): expected: #TagLine, #FeatureLine, #Comment, #Empty, got 'dado que se inicia proceso'
(8:3): expected: #TagLine, #FeatureLine, #Comment, #Empty, got 'cuando el usuario ingresa a la pagina'
(9:3): expected: #TagLine, #FeatureLine, #Comment, #Empty, got 'despues finaliza proceso'
(10:0): unexpected end of file, expected: #TagLine, #FeatureLine, #Comment, #Empty
	at app//gherkin.Parser.parse(Parser.java:143)
	at app//gherkin.Parser.parse(Parser.java:118)
	at app//gherkin.Parser.parse(Parser.java:114)
	at app//cucumber.runtime.FeatureBuilder.parse(FeatureBuilder.java:56)
	... 40 more
</failure>
  </testcase>
  <system-out><![CDATA[]]></system-out>
  <system-err><![CDATA[]]></system-err>
</testsuite>
